{"level":"\u001b[32minfo\u001b[39m","message":"Mysql client connected"}
{"level":"\u001b[32minfo\u001b[39m","message":"Server is running http://localhost:4000..."}
{"level":"\u001b[32minfo\u001b[39m","message":"Mysql client connected"}
{"level":"\u001b[32minfo\u001b[39m","message":"Server is running http://localhost:4000..."}
{"level":"\u001b[33mwarn\u001b[39m","message":"Method not found."}
{"level":"\u001b[32minfo\u001b[39m","message":"Mysql client connected"}
{"level":"\u001b[32minfo\u001b[39m","message":"Server is running http://localhost:4000..."}
{"level":"\u001b[32minfo\u001b[39m","message":"Mysql client connected"}
{"level":"\u001b[32minfo\u001b[39m","message":"Server is running http://localhost:4000..."}
{"level":"\u001b[33mwarn\u001b[39m","message":"Method not found."}
{"level":"\u001b[33mwarn\u001b[39m","message":"Method not found."}
{"level":"\u001b[33mwarn\u001b[39m","message":"Method not found."}
{"level":"\u001b[32minfo\u001b[39m","message":"Mysql connection closed"}
{"level":"\u001b[32minfo\u001b[39m","message":"Mysql client connected"}
{"level":"\u001b[32minfo\u001b[39m","message":"Server is running http://localhost:4000..."}
{"level":"\u001b[32minfo\u001b[39m","message":"Mysql client connected"}
{"level":"\u001b[32minfo\u001b[39m","message":"Server is running http://localhost:4000..."}
{"level":"\u001b[32minfo\u001b[39m","message":"Mysql connection closed"}
{"level":"\u001b[32minfo\u001b[39m","message":"Mysql client connected"}
{"level":"\u001b[32minfo\u001b[39m","message":"Server is running http://localhost:4000..."}
{"level":"\u001b[32minfo\u001b[39m","message":"Mysql client connected"}
{"level":"\u001b[32minfo\u001b[39m","message":"Server is running http://localhost:4000..."}
{"level":"\u001b[32minfo\u001b[39m","message":"Mysql client connected"}
{"level":"\u001b[32minfo\u001b[39m","message":"Server is running http://localhost:4000..."}
{"level":"\u001b[32minfo\u001b[39m","message":"Mysql client connected"}
{"level":"\u001b[32minfo\u001b[39m","message":"Server is running http://localhost:4000..."}
{"level":"\u001b[32minfo\u001b[39m","message":"Mysql client connected"}
{"level":"\u001b[32minfo\u001b[39m","message":"Server is running http://localhost:4000..."}
{"level":"\u001b[32minfo\u001b[39m","message":"Mysql client connected"}
{"level":"\u001b[32minfo\u001b[39m","message":"Server is running http://localhost:4000..."}
{"level":"\u001b[32minfo\u001b[39m","message":"Mysql client connected"}
{"level":"\u001b[32minfo\u001b[39m","message":"Server is running http://localhost:4000..."}
{"level":"\u001b[32minfo\u001b[39m","message":"Mysql client connected"}
{"level":"\u001b[32minfo\u001b[39m","message":"Server is running http://localhost:4000..."}
{"level":"\u001b[32minfo\u001b[39m","message":"Mysql client connected"}
{"level":"\u001b[32minfo\u001b[39m","message":"Server is running http://localhost:4000..."}
{"level":"\u001b[32minfo\u001b[39m","message":"Mysql client connected"}
{"level":"\u001b[32minfo\u001b[39m","message":"Server is running http://localhost:4000..."}
{"level":"\u001b[32minfo\u001b[39m","message":"Mysql client connected"}
{"level":"\u001b[32minfo\u001b[39m","message":"Server is running http://localhost:4000..."}
{"level":"\u001b[32minfo\u001b[39m","message":"Mysql client connected"}
{"level":"\u001b[32minfo\u001b[39m","message":"Server is running http://localhost:4000..."}
{"level":"\u001b[32minfo\u001b[39m","message":"Mysql client connected"}
{"level":"\u001b[32minfo\u001b[39m","message":"Server is running http://localhost:4000..."}
{"level":"\u001b[32minfo\u001b[39m","message":"Mysql client connected"}
{"level":"\u001b[32minfo\u001b[39m","message":"Server is running http://localhost:4000..."}
{"level":"\u001b[32minfo\u001b[39m","message":"Mysql client connected"}
{"level":"\u001b[32minfo\u001b[39m","message":"Server is running http://localhost:4000..."}
{"level":"\u001b[32minfo\u001b[39m","message":"Mysql client connected"}
{"level":"\u001b[32minfo\u001b[39m","message":"Server is running http://localhost:4000..."}
{"level":"\u001b[32minfo\u001b[39m","message":"Mysql client connected"}
{"level":"\u001b[32minfo\u001b[39m","message":"Server is running http://localhost:4000..."}
{"level":"\u001b[32minfo\u001b[39m","message":"Mysql client connected"}
{"level":"\u001b[32minfo\u001b[39m","message":"Server is running http://localhost:4000..."}
{"level":"\u001b[32minfo\u001b[39m","message":"Mysql client connected"}
{"level":"\u001b[32minfo\u001b[39m","message":"Server is running http://localhost:4000..."}
{"level":"\u001b[32minfo\u001b[39m","message":"Mysql client connected"}
{"level":"\u001b[32minfo\u001b[39m","message":"Server is running http://localhost:4000..."}
{"level":"\u001b[32minfo\u001b[39m","message":"Mysql client connected"}
{"level":"\u001b[32minfo\u001b[39m","message":"Server is running http://localhost:4000..."}
{"level":"\u001b[32minfo\u001b[39m","message":"Mysql client connected"}
{"level":"\u001b[32minfo\u001b[39m","message":"Server is running http://localhost:4000..."}
{"level":"\u001b[32minfo\u001b[39m","message":"Mysql client connected"}
{"level":"\u001b[32minfo\u001b[39m","message":"Server is running http://localhost:4000..."}
{"level":"\u001b[32minfo\u001b[39m","message":"Mysql client connected"}
{"level":"\u001b[32minfo\u001b[39m","message":"Server is running http://localhost:4000..."}
{"level":"\u001b[32minfo\u001b[39m","message":"Mysql client connected"}
{"level":"\u001b[32minfo\u001b[39m","message":"Server is running http://localhost:4000..."}
{"level":"\u001b[32minfo\u001b[39m","message":"Mysql client connected"}
{"level":"\u001b[32minfo\u001b[39m","message":"Server is running http://localhost:4000..."}
{"level":"\u001b[32minfo\u001b[39m","message":"Mysql client connected"}
{"level":"\u001b[32minfo\u001b[39m","message":"Server is running http://localhost:4000..."}
{"level":"\u001b[32minfo\u001b[39m","message":"Mysql client connected"}
{"level":"\u001b[32minfo\u001b[39m","message":"Server is running http://localhost:4000..."}
{"level":"\u001b[32minfo\u001b[39m","message":"Mysql client connected"}
{"level":"\u001b[32minfo\u001b[39m","message":"Server is running http://localhost:4000..."}
{"level":"\u001b[32minfo\u001b[39m","message":"Mysql client connected"}
{"level":"\u001b[32minfo\u001b[39m","message":"Server is running http://localhost:4000..."}
{"level":"\u001b[32minfo\u001b[39m","message":"Mysql client connected"}
{"level":"\u001b[32minfo\u001b[39m","message":"Server is running http://localhost:4000..."}
{"level":"\u001b[32minfo\u001b[39m","message":"Mysql client connected"}
{"level":"\u001b[32minfo\u001b[39m","message":"Server is running http://localhost:4000..."}
{"level":"\u001b[32minfo\u001b[39m","message":"Mysql client connected"}
{"level":"\u001b[32minfo\u001b[39m","message":"Server is running http://localhost:4000..."}
{"level":"\u001b[32minfo\u001b[39m","message":"Mysql client connected"}
{"level":"\u001b[32minfo\u001b[39m","message":"Server is running http://localhost:4000..."}
{"level":"\u001b[32minfo\u001b[39m","message":"Mysql client connected"}
{"level":"\u001b[32minfo\u001b[39m","message":"Server is running http://localhost:4000..."}
{"level":"\u001b[32minfo\u001b[39m","message":"Mysql client connected"}
{"level":"\u001b[32minfo\u001b[39m","message":"Server is running http://localhost:4000..."}
{"level":"\u001b[32minfo\u001b[39m","message":"Mysql client connected"}
{"level":"\u001b[32minfo\u001b[39m","message":"Server is running http://localhost:4000..."}
{"level":"\u001b[32minfo\u001b[39m","message":"Mysql client connected"}
{"level":"\u001b[32minfo\u001b[39m","message":"Server is running http://localhost:4000..."}
{"level":"\u001b[32minfo\u001b[39m","message":"Mysql client connected"}
{"level":"\u001b[32minfo\u001b[39m","message":"Server is running http://localhost:4000..."}
{"level":"\u001b[32minfo\u001b[39m","message":"Mysql client connected"}
{"level":"\u001b[32minfo\u001b[39m","message":"Server is running http://localhost:4000..."}
{"level":"\u001b[32minfo\u001b[39m","message":"Mysql client connected"}
{"level":"\u001b[32minfo\u001b[39m","message":"Server is running http://localhost:4000..."}
{"level":"\u001b[32minfo\u001b[39m","message":"Mysql client connected"}
{"level":"\u001b[32minfo\u001b[39m","message":"Server is running http://localhost:4000..."}
{"level":"\u001b[32minfo\u001b[39m","message":"Mysql client connected"}
{"level":"\u001b[32minfo\u001b[39m","message":"Server is running http://localhost:4000..."}
{"level":"\u001b[32minfo\u001b[39m","message":"Mysql client connected"}
{"level":"\u001b[32minfo\u001b[39m","message":"Server is running http://localhost:4000..."}
{"level":"\u001b[33mwarn\u001b[39m","message":"Method not found."}
{"level":"\u001b[33mwarn\u001b[39m","message":"Method not found."}
{"level":"\u001b[33mwarn\u001b[39m","message":"Method not found."}
{"level":"\u001b[33mwarn\u001b[39m","message":"Method not found."}
{"level":"\u001b[33mwarn\u001b[39m","message":"Method not found."}
{"level":"\u001b[33mwarn\u001b[39m","message":"Method not found."}
{"level":"\u001b[33mwarn\u001b[39m","message":"Method not found."}
{"level":"\u001b[33mwarn\u001b[39m","message":"Method not found."}
{"level":"\u001b[32minfo\u001b[39m","message":"Mysql client connected"}
{"level":"\u001b[32minfo\u001b[39m","message":"Server is running http://localhost:4000..."}
{"level":"\u001b[32minfo\u001b[39m","message":"Mysql client connected"}
{"level":"\u001b[32minfo\u001b[39m","message":"Server is running http://localhost:4000..."}
{"level":"\u001b[32minfo\u001b[39m","message":"Mysql client connected"}
{"level":"\u001b[32minfo\u001b[39m","message":"Server is running http://localhost:4000..."}
{"level":"\u001b[32minfo\u001b[39m","message":"Mysql client connected"}
{"level":"\u001b[32minfo\u001b[39m","message":"Server is running http://localhost:4000..."}
{"level":"\u001b[32minfo\u001b[39m","message":"Mysql client connected"}
{"level":"\u001b[32minfo\u001b[39m","message":"Server is running http://localhost:4000..."}
{"level":"\u001b[32minfo\u001b[39m","message":"Mysql client connected"}
{"level":"\u001b[32minfo\u001b[39m","message":"Server is running http://localhost:4000..."}
{"level":"\u001b[33mwarn\u001b[39m","message":"Method not found."}
{"level":"\u001b[32minfo\u001b[39m","message":"Mysql client connected"}
{"level":"\u001b[32minfo\u001b[39m","message":"Server is running http://localhost:4000..."}
{"level":"\u001b[33mwarn\u001b[39m","message":"Method not found."}
{"level":"\u001b[32minfo\u001b[39m","message":"Mysql connection closed"}
{"level":"\u001b[32minfo\u001b[39m","message":"Mysql client connected"}
{"level":"\u001b[32minfo\u001b[39m","message":"Server is running http://localhost:4000..."}
{"level":"\u001b[32minfo\u001b[39m","message":"Mysql client connected"}
{"level":"\u001b[32minfo\u001b[39m","message":"Server is running http://localhost:4000..."}
{"level":"\u001b[32minfo\u001b[39m","message":"Mysql client connected"}
{"level":"\u001b[32minfo\u001b[39m","message":"Server is running http://localhost:4000..."}
{"level":"\u001b[33mwarn\u001b[39m","message":"Method not found."}
{"level":"\u001b[32minfo\u001b[39m","message":"Mysql client connected"}
{"level":"\u001b[32minfo\u001b[39m","message":"Server is running http://localhost:4000..."}
{"level":"\u001b[32minfo\u001b[39m","message":"Mysql client connected"}
{"level":"\u001b[32minfo\u001b[39m","message":"Server is running http://localhost:4000..."}
{"level":"\u001b[33mwarn\u001b[39m","message":"Method not found."}
{"level":"\u001b[33mwarn\u001b[39m","message":"Method not found."}
{"level":"\u001b[33mwarn\u001b[39m","message":"Method not found."}
{"level":"\u001b[32minfo\u001b[39m","message":"Mysql client connected"}
{"level":"\u001b[32minfo\u001b[39m","message":"Server is running http://localhost:4000..."}
{"level":"\u001b[32minfo\u001b[39m","message":"Mysql client connected"}
{"level":"\u001b[32minfo\u001b[39m","message":"Server is running http://localhost:4000..."}
{"level":"\u001b[32minfo\u001b[39m","message":"Mysql client connected"}
{"level":"\u001b[32minfo\u001b[39m","message":"Server is running http://localhost:4000..."}
{"level":"\u001b[32minfo\u001b[39m","message":"Mysql client connected"}
{"level":"\u001b[32minfo\u001b[39m","message":"Server is running http://localhost:4000..."}
{"level":"\u001b[32minfo\u001b[39m","message":"Mysql client connected"}
{"level":"\u001b[32minfo\u001b[39m","message":"Server is running http://localhost:4000..."}
{"level":"\u001b[32minfo\u001b[39m","message":"Mysql client connected"}
{"level":"\u001b[32minfo\u001b[39m","message":"Server is running http://localhost:4000..."}
{"level":"\u001b[32minfo\u001b[39m","message":"Mysql client connected"}
{"level":"\u001b[32minfo\u001b[39m","message":"Server is running http://localhost:4000..."}
{"level":"\u001b[32minfo\u001b[39m","message":"Mysql client connected"}
{"level":"\u001b[32minfo\u001b[39m","message":"Server is running http://localhost:4000..."}
{"level":"\u001b[32minfo\u001b[39m","message":"Mysql client connected"}
{"level":"\u001b[32minfo\u001b[39m","message":"Server is running http://localhost:4000..."}
{"level":"\u001b[32minfo\u001b[39m","message":"Mysql client connected"}
{"level":"\u001b[32minfo\u001b[39m","message":"Server is running http://localhost:4000..."}
{"level":"\u001b[32minfo\u001b[39m","message":"Mysql client connected"}
{"level":"\u001b[32minfo\u001b[39m","message":"Server is running http://localhost:4000..."}
{"level":"\u001b[32minfo\u001b[39m","message":"Mysql client connected"}
{"level":"\u001b[32minfo\u001b[39m","message":"Server is running http://localhost:4000..."}
{"level":"\u001b[32minfo\u001b[39m","message":"Mysql client connected"}
{"level":"\u001b[32minfo\u001b[39m","message":"Server is running http://localhost:4000..."}
{"level":"\u001b[32minfo\u001b[39m","message":"Mysql client connected"}
{"level":"\u001b[32minfo\u001b[39m","message":"Server is running http://localhost:4000..."}
{"level":"\u001b[32minfo\u001b[39m","message":"Mysql client connected"}
{"level":"\u001b[32minfo\u001b[39m","message":"Server is running http://localhost:4000..."}
{"level":"\u001b[32minfo\u001b[39m","message":"Mysql client connected"}
{"level":"\u001b[32minfo\u001b[39m","message":"Server is running http://localhost:4000..."}
{"level":"\u001b[32minfo\u001b[39m","message":"Mysql client connected"}
{"level":"\u001b[32minfo\u001b[39m","message":"Server is running http://localhost:4000..."}
{"level":"\u001b[32minfo\u001b[39m","message":"Mysql client connected"}
{"level":"\u001b[32minfo\u001b[39m","message":"Server is running http://localhost:4000..."}
{"level":"\u001b[32minfo\u001b[39m","message":"Mysql client connected"}
{"level":"\u001b[32minfo\u001b[39m","message":"Server is running http://localhost:4000..."}
{"level":"\u001b[32minfo\u001b[39m","message":"Mysql client connected"}
{"level":"\u001b[32minfo\u001b[39m","message":"Server is running http://localhost:4000..."}
{"level":"\u001b[32minfo\u001b[39m","message":"Mysql client connected"}
{"level":"\u001b[32minfo\u001b[39m","message":"Server is running http://localhost:4000..."}
{"level":"\u001b[32minfo\u001b[39m","message":"Mysql client connected"}
{"level":"\u001b[32minfo\u001b[39m","message":"Server is running http://localhost:4000..."}
{"level":"\u001b[32minfo\u001b[39m","message":"Mysql client connected"}
{"level":"\u001b[32minfo\u001b[39m","message":"Server is running http://localhost:4000..."}
{"level":"\u001b[32minfo\u001b[39m","message":"Mysql client connected"}
{"level":"\u001b[32minfo\u001b[39m","message":"Server is running http://localhost:4000..."}
{"level":"\u001b[32minfo\u001b[39m","message":"Mysql client connected"}
{"level":"\u001b[32minfo\u001b[39m","message":"Server is running http://localhost:4000..."}
{"level":"\u001b[32minfo\u001b[39m","message":"Mysql client connected"}
{"level":"\u001b[32minfo\u001b[39m","message":"Server is running http://localhost:4000..."}
{"level":"\u001b[32minfo\u001b[39m","message":"Mysql client connected"}
{"level":"\u001b[32minfo\u001b[39m","message":"Server is running http://localhost:4000..."}
{"level":"\u001b[32minfo\u001b[39m","message":"Mysql client connected"}
{"level":"\u001b[32minfo\u001b[39m","message":"Server is running http://localhost:4000..."}
{"level":"\u001b[32minfo\u001b[39m","message":"Mysql client connected"}
{"level":"\u001b[32minfo\u001b[39m","message":"Server is running http://localhost:4000..."}
{"level":"\u001b[32minfo\u001b[39m","message":"Mysql client connected"}
{"level":"\u001b[32minfo\u001b[39m","message":"Server is running http://localhost:4000..."}
{"level":"\u001b[32minfo\u001b[39m","message":"Mysql client connected"}
{"level":"\u001b[32minfo\u001b[39m","message":"Server is running http://localhost:4000..."}
{"level":"\u001b[32minfo\u001b[39m","message":"Mysql client connected"}
{"level":"\u001b[32minfo\u001b[39m","message":"Server is running http://localhost:4000..."}
{"level":"\u001b[32minfo\u001b[39m","message":"Mysql client connected"}
{"level":"\u001b[32minfo\u001b[39m","message":"Server is running http://localhost:4000..."}
{"level":"\u001b[32minfo\u001b[39m","message":"Mysql client connected"}
{"level":"\u001b[32minfo\u001b[39m","message":"Server is running http://localhost:4000..."}
{"level":"\u001b[32minfo\u001b[39m","message":"Mysql client connected"}
{"level":"\u001b[32minfo\u001b[39m","message":"Server is running http://localhost:4000..."}
{"level":"\u001b[32minfo\u001b[39m","message":"Mysql client connected"}
{"level":"\u001b[32minfo\u001b[39m","message":"Server is running http://localhost:4000..."}
{"level":"\u001b[32minfo\u001b[39m","message":"Mysql client connected"}
{"level":"\u001b[32minfo\u001b[39m","message":"Server is running http://localhost:4000..."}
{"level":"\u001b[32minfo\u001b[39m","message":"Mysql connection closed"}
{"level":"\u001b[32minfo\u001b[39m","message":"Mysql client connected"}
{"level":"\u001b[32minfo\u001b[39m","message":"Server is running http://localhost:4000..."}
{"level":"\u001b[32minfo\u001b[39m","message":"Mysql client connected"}
{"level":"\u001b[32minfo\u001b[39m","message":"Server is running http://localhost:4000..."}
{"level":"\u001b[32minfo\u001b[39m","message":"Mysql client connected"}
{"level":"\u001b[32minfo\u001b[39m","message":"Server is running http://localhost:4000..."}
{"level":"\u001b[32minfo\u001b[39m","message":"Mysql client connected"}
{"level":"\u001b[32minfo\u001b[39m","message":"Server is running http://localhost:4000..."}
{"level":"\u001b[32minfo\u001b[39m","message":"Mysql connection closed"}
{"level":"\u001b[32minfo\u001b[39m","message":"Mysql client connected"}
{"level":"\u001b[32minfo\u001b[39m","message":"Server is running http://localhost:4000..."}
{"level":"\u001b[32minfo\u001b[39m","message":"Mysql client connected"}
{"level":"\u001b[32minfo\u001b[39m","message":"Server is running http://localhost:4000..."}
{"level":"\u001b[32minfo\u001b[39m","message":"Mysql client connected"}
{"level":"\u001b[32minfo\u001b[39m","message":"Server is running http://localhost:4000..."}
{"level":"\u001b[32minfo\u001b[39m","message":"Mysql client connected"}
{"level":"\u001b[32minfo\u001b[39m","message":"Server is running http://localhost:4000..."}
{"level":"\u001b[32minfo\u001b[39m","message":"Mysql client connected"}
{"level":"\u001b[32minfo\u001b[39m","message":"Server is running http://localhost:4000..."}
{"level":"\u001b[32minfo\u001b[39m","message":"Mysql client connected"}
{"level":"\u001b[32minfo\u001b[39m","message":"Server is running http://localhost:4000..."}
{"level":"\u001b[32minfo\u001b[39m","message":"Mysql client connected"}
{"level":"\u001b[32minfo\u001b[39m","message":"Server is running http://localhost:4000..."}
{"level":"\u001b[32minfo\u001b[39m","message":"Mysql client connected"}
{"level":"\u001b[32minfo\u001b[39m","message":"Server is running http://localhost:4000..."}
{"level":"\u001b[32minfo\u001b[39m","message":"Mysql client connected"}
{"level":"\u001b[32minfo\u001b[39m","message":"Server is running http://localhost:4000..."}
{"level":"\u001b[32minfo\u001b[39m","message":"Mysql client connected"}
{"level":"\u001b[32minfo\u001b[39m","message":"Server is running http://localhost:4000..."}
{"level":"\u001b[32minfo\u001b[39m","message":"Mysql client connected"}
{"level":"\u001b[32minfo\u001b[39m","message":"Server is running http://localhost:4000..."}
{"level":"\u001b[32minfo\u001b[39m","message":"Mysql client connected"}
{"level":"\u001b[32minfo\u001b[39m","message":"Server is running http://localhost:4000..."}
{"level":"\u001b[32minfo\u001b[39m","message":"Mysql connection closed"}
{"level":"\u001b[32minfo\u001b[39m","message":"Mysql client connected"}
{"level":"\u001b[32minfo\u001b[39m","message":"Server is running http://localhost:4000..."}
{"level":"\u001b[32minfo\u001b[39m","message":"Mysql client connected"}
{"level":"\u001b[32minfo\u001b[39m","message":"Server is running http://localhost:4000..."}
{"level":"\u001b[32minfo\u001b[39m","message":"Mysql client connected"}
{"level":"\u001b[32minfo\u001b[39m","message":"Server is running http://localhost:4000..."}
{"level":"\u001b[32minfo\u001b[39m","message":"Mysql client connected"}
{"level":"\u001b[32minfo\u001b[39m","message":"Server is running http://localhost:4000..."}
{"level":"\u001b[32minfo\u001b[39m","message":"Mysql client connected"}
{"level":"\u001b[32minfo\u001b[39m","message":"Server is running http://localhost:4000..."}
{"level":"\u001b[32minfo\u001b[39m","message":"Mysql client connected"}
{"level":"\u001b[32minfo\u001b[39m","message":"Server is running http://localhost:4000..."}
{"level":"\u001b[32minfo\u001b[39m","message":"Mysql client connected"}
{"level":"\u001b[32minfo\u001b[39m","message":"Server is running http://localhost:4000..."}
{"level":"\u001b[32minfo\u001b[39m","message":"Mysql client connected"}
{"level":"\u001b[32minfo\u001b[39m","message":"Server is running http://localhost:4000..."}
{"level":"\u001b[32minfo\u001b[39m","message":"Mysql client connected"}
{"level":"\u001b[32minfo\u001b[39m","message":"Server is running http://localhost:4000..."}
{"level":"\u001b[32minfo\u001b[39m","message":"Mysql client connected"}
{"level":"\u001b[32minfo\u001b[39m","message":"Server is running http://localhost:4000..."}
{"level":"\u001b[32minfo\u001b[39m","message":"Mysql client connected"}
{"level":"\u001b[32minfo\u001b[39m","message":"Server is running http://localhost:4000..."}
{"level":"\u001b[32minfo\u001b[39m","message":"Mysql client connected"}
{"level":"\u001b[32minfo\u001b[39m","message":"Server is running http://localhost:4000..."}
{"level":"\u001b[33mwarn\u001b[39m","message":"Method not found."}
{"level":"\u001b[33mwarn\u001b[39m","message":"Method not found."}
{"level":"\u001b[32minfo\u001b[39m","message":"Mysql client connected"}
{"level":"\u001b[32minfo\u001b[39m","message":"Server is running http://localhost:4000..."}
{"level":"\u001b[32minfo\u001b[39m","message":"Mysql client connected"}
{"level":"\u001b[32minfo\u001b[39m","message":"Server is running http://localhost:4000..."}
{"level":"\u001b[32minfo\u001b[39m","message":"Mysql client connected"}
{"level":"\u001b[32minfo\u001b[39m","message":"Server is running http://localhost:4000..."}
{"level":"\u001b[32minfo\u001b[39m","message":"Mysql client connected"}
{"level":"\u001b[32minfo\u001b[39m","message":"Server is running http://localhost:4000..."}
{"level":"\u001b[32minfo\u001b[39m","message":"Mysql client connected"}
{"level":"\u001b[32minfo\u001b[39m","message":"Server is running http://localhost:4000..."}
{"level":"\u001b[32minfo\u001b[39m","message":"Mysql client connected"}
{"level":"\u001b[32minfo\u001b[39m","message":"Server is running http://localhost:4000..."}
{"level":"\u001b[32minfo\u001b[39m","message":"Mysql client connected"}
{"level":"\u001b[32minfo\u001b[39m","message":"Server is running http://localhost:4000..."}
{"level":"\u001b[32minfo\u001b[39m","message":"Mysql client connected"}
{"level":"\u001b[32minfo\u001b[39m","message":"Server is running http://localhost:4000..."}
{"level":"\u001b[32minfo\u001b[39m","message":"Mysql client connected"}
{"level":"\u001b[32minfo\u001b[39m","message":"Server is running http://localhost:4000..."}
{"level":"\u001b[32minfo\u001b[39m","message":"Mysql client connected"}
{"level":"\u001b[32minfo\u001b[39m","message":"Server is running http://localhost:4000..."}
{"level":"\u001b[32minfo\u001b[39m","message":"Mysql client connected"}
{"level":"\u001b[32minfo\u001b[39m","message":"Server is running http://localhost:4000..."}
{"level":"\u001b[32minfo\u001b[39m","message":"Mysql client connected"}
{"level":"\u001b[32minfo\u001b[39m","message":"Server is running http://localhost:4000..."}
{"level":"\u001b[32minfo\u001b[39m","message":"Mysql client connected"}
{"level":"\u001b[32minfo\u001b[39m","message":"Server is running http://localhost:4000..."}
{"level":"\u001b[32minfo\u001b[39m","message":"Mysql client connected"}
{"level":"\u001b[32minfo\u001b[39m","message":"Server is running http://localhost:4000..."}
{"level":"\u001b[32minfo\u001b[39m","message":"Mysql client connected"}
{"level":"\u001b[32minfo\u001b[39m","message":"Server is running http://localhost:4000..."}
{"level":"\u001b[32minfo\u001b[39m","message":"Mysql client connected"}
{"level":"\u001b[32minfo\u001b[39m","message":"Server is running http://localhost:4000..."}
{"level":"\u001b[32minfo\u001b[39m","message":"Mysql client connected"}
{"level":"\u001b[32minfo\u001b[39m","message":"Server is running http://localhost:4000..."}
{"level":"\u001b[32minfo\u001b[39m","message":"Mysql client connected"}
{"level":"\u001b[32minfo\u001b[39m","message":"Server is running http://localhost:4000..."}
{"level":"\u001b[32minfo\u001b[39m","message":"Mysql client connected"}
{"level":"\u001b[32minfo\u001b[39m","message":"Server is running http://localhost:4000..."}
{"level":"\u001b[32minfo\u001b[39m","message":"Mysql connection closed"}
{"level":"\u001b[32minfo\u001b[39m","message":"Mysql client connected"}
{"level":"\u001b[32minfo\u001b[39m","message":"Server is running http://localhost:4000..."}
{"level":"\u001b[32minfo\u001b[39m","message":"Mysql client connected"}
{"level":"\u001b[32minfo\u001b[39m","message":"Server is running http://localhost:4000..."}
{"level":"\u001b[32minfo\u001b[39m","message":"Mysql client connected"}
{"level":"\u001b[32minfo\u001b[39m","message":"Server is running http://localhost:4000..."}
{"level":"\u001b[32minfo\u001b[39m","message":"Mysql connection closed"}
{"extra":{"code":"PROTOCOL_ENQUEUE_AFTER_QUIT","fatal":false},"level":"\u001b[32minfo\u001b[39m","message":"MySQL client: Unexpected error on idle client"}
{"level":"\u001b[32minfo\u001b[39m","message":"Mysql client connected"}
{"level":"\u001b[32minfo\u001b[39m","message":"Server is running http://localhost:4000..."}
{"level":"\u001b[32minfo\u001b[39m","message":"Mysql client connected"}
{"level":"\u001b[32minfo\u001b[39m","message":"Server is running http://localhost:4000..."}
{"level":"\u001b[33mwarn\u001b[39m","message":"Method not found."}
{"level":"\u001b[33mwarn\u001b[39m","message":"Method not found."}
{"level":"\u001b[33mwarn\u001b[39m","message":"Method not found."}
{"level":"\u001b[33mwarn\u001b[39m","message":"Method not found."}
{"level":"\u001b[32minfo\u001b[39m","message":"Mysql connection closed"}
{"level":"\u001b[32minfo\u001b[39m","message":"Mysql client connected"}
{"level":"\u001b[32minfo\u001b[39m","message":"Server is running http://localhost:4000..."}
{"level":"\u001b[32minfo\u001b[39m","message":"Mysql client connected"}
{"level":"\u001b[32minfo\u001b[39m","message":"Server is running http://localhost:4000..."}
{"level":"\u001b[32minfo\u001b[39m","message":"Mysql client connected"}
{"level":"\u001b[32minfo\u001b[39m","message":"Mysql client connected"}
{"level":"\u001b[32minfo\u001b[39m","message":"Mysql client connected"}
{"level":"\u001b[32minfo\u001b[39m","message":"Mysql client connected"}
{"level":"\u001b[32minfo\u001b[39m","message":"Mysql client connected"}
{"level":"\u001b[32minfo\u001b[39m","message":"Mysql client connected"}
{"level":"\u001b[32minfo\u001b[39m","message":"Server is running http://localhost:4000..."}
{"extra":{"code":"ER_NOT_SUPPORTED_AUTH_MODE","errno":1251,"fatal":true,"sqlMessage":"Client does not support authentication protocol requested by server; consider upgrading MySQL client","sqlState":"08004"},"level":"\u001b[32minfo\u001b[39m","message":"MySQL client: Unexpected error on idle client"}
{"level":"\u001b[32minfo\u001b[39m","message":"Mysql client connected"}
{"level":"\u001b[32minfo\u001b[39m","message":"Server is running http://localhost:4000..."}
{"level":"\u001b[32minfo\u001b[39m","message":"Mysql client connected"}
{"level":"\u001b[32minfo\u001b[39m","message":"Server is running http://localhost:4000..."}
{"level":"\u001b[32minfo\u001b[39m","message":"Mysql client connected"}
{"level":"\u001b[32minfo\u001b[39m","message":"Mysql client connected"}
{"level":"\u001b[32minfo\u001b[39m","message":"Server is running http://localhost:4000..."}
{"extra":{"code":"ER_NOT_SUPPORTED_AUTH_MODE","errno":1251,"fatal":true,"sqlMessage":"Client does not support authentication protocol requested by server; consider upgrading MySQL client","sqlState":"08004"},"level":"\u001b[32minfo\u001b[39m","message":"MySQL client: Unexpected error on idle client"}
{"level":"\u001b[32minfo\u001b[39m","message":"Mysql client connected"}
{"level":"\u001b[32minfo\u001b[39m","message":"Server is running http://localhost:4000..."}
{"extra":{"code":"ER_NOT_SUPPORTED_AUTH_MODE","errno":1251,"fatal":true,"sqlMessage":"Client does not support authentication protocol requested by server; consider upgrading MySQL client","sqlState":"08004"},"level":"\u001b[32minfo\u001b[39m","message":"MySQL client: Unexpected error on idle client"}
{"level":"\u001b[32minfo\u001b[39m","message":"Mysql client connected"}
{"level":"\u001b[32minfo\u001b[39m","message":"Server is running http://localhost:4000..."}
{"extra":{"code":"ER_NOT_SUPPORTED_AUTH_MODE","errno":1251,"fatal":true,"sqlMessage":"Client does not support authentication protocol requested by server; consider upgrading MySQL client","sqlState":"08004"},"level":"\u001b[32minfo\u001b[39m","message":"MySQL client: Unexpected error on idle client"}
{"level":"\u001b[32minfo\u001b[39m","message":"Mysql client connected"}
{"level":"\u001b[32minfo\u001b[39m","message":"Mysql client connected"}
{"level":"\u001b[32minfo\u001b[39m","message":"Server is running http://localhost:4000..."}
{"extra":{"code":"ER_ACCESS_DENIED_ERROR","errno":1045,"fatal":true,"sqlMessage":"Access denied for user 'root'@'localhost' (using password: YES)","sqlState":"28000"},"level":"\u001b[32minfo\u001b[39m","message":"MySQL client: Unexpected error on idle client"}
{"level":"\u001b[32minfo\u001b[39m","message":"Mysql client connected"}
{"level":"\u001b[32minfo\u001b[39m","message":"Server is running http://localhost:4000..."}
{"level":"\u001b[32minfo\u001b[39m","message":"Mysql client connected"}
{"level":"\u001b[32minfo\u001b[39m","message":"Server is running http://localhost:4000..."}
{"level":"\u001b[32minfo\u001b[39m","message":"Mysql client connected"}
{"level":"\u001b[32minfo\u001b[39m","message":"Server is running http://localhost:4000..."}
{"level":"\u001b[32minfo\u001b[39m","message":"Mysql client connected"}
{"level":"\u001b[32minfo\u001b[39m","message":"Server is running http://localhost:4000..."}
{"level":"\u001b[32minfo\u001b[39m","message":"Mysql client connected"}
{"level":"\u001b[32minfo\u001b[39m","message":"Server is running http://localhost:4000..."}
{"level":"\u001b[32minfo\u001b[39m","message":"Mysql client connected"}
{"level":"\u001b[32minfo\u001b[39m","message":"Server is running http://localhost:4000..."}
{"level":"\u001b[32minfo\u001b[39m","message":"Mysql client connected"}
{"level":"\u001b[32minfo\u001b[39m","message":"Server is running http://localhost:4000..."}
{"level":"\u001b[32minfo\u001b[39m","message":"Mysql client connected"}
{"level":"\u001b[32minfo\u001b[39m","message":"Server is running http://localhost:4000..."}
{"level":"\u001b[32minfo\u001b[39m","message":"Mysql client connected"}
{"level":"\u001b[32minfo\u001b[39m","message":"Server is running http://localhost:4000..."}
{"level":"\u001b[32minfo\u001b[39m","message":"Mysql client connected"}
{"level":"\u001b[32minfo\u001b[39m","message":"Server is running http://localhost:4000..."}
{"level":"\u001b[32minfo\u001b[39m","message":"Mysql client connected"}
{"level":"\u001b[32minfo\u001b[39m","message":"Server is running http://localhost:4000..."}
{"level":"\u001b[32minfo\u001b[39m","message":"Mysql client connected"}
{"level":"\u001b[32minfo\u001b[39m","message":"Server is running http://localhost:4000..."}
{"level":"\u001b[32minfo\u001b[39m","message":"Mysql client connected"}
{"level":"\u001b[32minfo\u001b[39m","message":"Server is running http://localhost:4000..."}
{"level":"\u001b[32minfo\u001b[39m","message":"Mysql client connected"}
{"level":"\u001b[32minfo\u001b[39m","message":"Server is running http://localhost:4000..."}
{"level":"\u001b[32minfo\u001b[39m","message":"Mysql client connected"}
{"level":"\u001b[32minfo\u001b[39m","message":"Server is running http://localhost:4000..."}
{"level":"\u001b[32minfo\u001b[39m","message":"Mysql client connected"}
{"level":"\u001b[32minfo\u001b[39m","message":"Server is running http://localhost:4000..."}
{"level":"\u001b[32minfo\u001b[39m","message":"Mysql client connected"}
{"level":"\u001b[32minfo\u001b[39m","message":"Server is running http://localhost:4000..."}
{"level":"\u001b[32minfo\u001b[39m","message":"Mysql client connected"}
{"level":"\u001b[32minfo\u001b[39m","message":"Server is running http://localhost:4000..."}
{"level":"\u001b[32minfo\u001b[39m","message":"Mysql connection closed"}
{"level":"\u001b[32minfo\u001b[39m","message":"Mysql client connected"}
{"level":"\u001b[32minfo\u001b[39m","message":"Server is running http://localhost:5000..."}
{"level":"\u001b[32minfo\u001b[39m","message":"Mysql client connected"}
{"level":"\u001b[32minfo\u001b[39m","message":"Server is running http://localhost:5001..."}
{"level":"\u001b[32minfo\u001b[39m","message":"Mysql connection closed"}
{"extra":{"code":"PROTOCOL_ENQUEUE_AFTER_QUIT","fatal":false},"level":"\u001b[32minfo\u001b[39m","message":"MySQL client: Unexpected error on idle client"}
{"level":"\u001b[32minfo\u001b[39m","message":"Mysql client connected"}
{"level":"\u001b[32minfo\u001b[39m","message":"Server is running http://localhost:5004..."}
{"level":"\u001b[32minfo\u001b[39m","message":"Mysql connection closed"}
{"extra":{"code":"PROTOCOL_ENQUEUE_AFTER_QUIT","fatal":false},"level":"\u001b[32minfo\u001b[39m","message":"MySQL client: Unexpected error on idle client"}
{"level":"\u001b[32minfo\u001b[39m","message":"Mysql client connected"}
{"level":"\u001b[32minfo\u001b[39m","message":"Server is running http://localhost:5004..."}
{"level":"\u001b[32minfo\u001b[39m","message":"Mysql client connected"}
{"level":"\u001b[32minfo\u001b[39m","message":"Server is running http://localhost:5004..."}
{"level":"\u001b[32minfo\u001b[39m","message":"Mysql connection closed"}
{"level":"\u001b[33mwarn\u001b[39m","message":"Method not found."}
{"level":"\u001b[32minfo\u001b[39m","message":"Mysql client connected"}
{"level":"\u001b[32minfo\u001b[39m","message":"Server is running http://localhost:5005..."}
{"level":"\u001b[32minfo\u001b[39m","message":"Mysql connection closed"}
{"level":"\u001b[32minfo\u001b[39m","message":"Mysql client connected"}
{"level":"\u001b[32minfo\u001b[39m","message":"Server is running http://localhost:5006..."}
{"extra":{"code":"PROTOCOL_ENQUEUE_AFTER_QUIT","fatal":false},"level":"\u001b[32minfo\u001b[39m","message":"MySQL client: Unexpected error on idle client"}
{"level":"\u001b[32minfo\u001b[39m","message":"Mysql connection closed"}
{"extra":{"code":"PROTOCOL_ENQUEUE_AFTER_QUIT","fatal":false},"level":"\u001b[32minfo\u001b[39m","message":"MySQL client: Unexpected error on idle client"}
{"level":"\u001b[32minfo\u001b[39m","message":"Mysql client connected"}
{"level":"\u001b[32minfo\u001b[39m","message":"Server is running http://localhost:5006..."}
{"level":"\u001b[32minfo\u001b[39m","message":"Mysql connection closed"}
{"level":"\u001b[32minfo\u001b[39m","message":"Mysql client connected"}
{"level":"\u001b[32minfo\u001b[39m","message":"Server is running http://localhost:5007..."}
{"level":"\u001b[32minfo\u001b[39m","message":"Mysql connection closed"}
{"extra":{"code":"PROTOCOL_ENQUEUE_AFTER_QUIT","fatal":false},"level":"\u001b[32minfo\u001b[39m","message":"MySQL client: Unexpected error on idle client"}
{"level":"\u001b[32minfo\u001b[39m","message":"Mysql client connected"}
{"level":"\u001b[32minfo\u001b[39m","message":"Server is running http://localhost:5008..."}
{"extra":{"code":"PROTOCOL_ENQUEUE_AFTER_QUIT","fatal":false},"level":"\u001b[32minfo\u001b[39m","message":"MySQL client: Unexpected error on idle client"}
{"level":"\u001b[32minfo\u001b[39m","message":"Mysql connection closed"}
{"level":"\u001b[32minfo\u001b[39m","message":"Mysql client connected"}
{"level":"\u001b[32minfo\u001b[39m","message":"Server is running http://localhost:5009..."}
{"extra":{"code":"PROTOCOL_ENQUEUE_AFTER_QUIT","fatal":false},"level":"\u001b[32minfo\u001b[39m","message":"MySQL client: Unexpected error on idle client"}
{"level":"\u001b[32minfo\u001b[39m","message":"Mysql connection closed"}
{"level":"\u001b[32minfo\u001b[39m","message":"Mysql client connected"}
{"level":"\u001b[32minfo\u001b[39m","message":"Server is running http://localhost:5010..."}
{"level":"\u001b[33mwarn\u001b[39m","message":"Method not found."}
{"extra":{"code":"PROTOCOL_ENQUEUE_AFTER_QUIT","fatal":false},"level":"\u001b[32minfo\u001b[39m","message":"MySQL client: Unexpected error on idle client"}
{"level":"\u001b[32minfo\u001b[39m","message":"Mysql connection closed"}
{"level":"\u001b[32minfo\u001b[39m","message":"Mysql client connected"}
{"level":"\u001b[32minfo\u001b[39m","message":"Server is running http://localhost:5011..."}
{"level":"\u001b[32minfo\u001b[39m","message":"Mysql client connected"}
{"level":"\u001b[32minfo\u001b[39m","message":"Server is running http://localhost:5011..."}
{"level":"\u001b[33mwarn\u001b[39m","message":"Method not found."}
{"level":"\u001b[33mwarn\u001b[39m","message":"Method not found."}
{"level":"\u001b[33mwarn\u001b[39m","message":"Method not found."}
{"level":"\u001b[33mwarn\u001b[39m","message":"Method not found."}
{"level":"\u001b[33mwarn\u001b[39m","message":"Method not found."}
{"level":"\u001b[33mwarn\u001b[39m","message":"Method not found."}
{"level":"\u001b[33mwarn\u001b[39m","message":"Method not found."}
{"level":"\u001b[33mwarn\u001b[39m","message":"Method not found."}
{"level":"\u001b[32minfo\u001b[39m","message":"Mysql connection closed"}
{"level":"\u001b[32minfo\u001b[39m","message":"Mysql client connected"}
{"level":"\u001b[32minfo\u001b[39m","message":"Server is running http://localhost:5004..."}
{"level":"\u001b[33mwarn\u001b[39m","message":"Method not found."}
{"level":"\u001b[33mwarn\u001b[39m","message":"Method not found."}
{"extra":{"code":"PROTOCOL_ENQUEUE_AFTER_QUIT","fatal":false},"level":"\u001b[32minfo\u001b[39m","message":"MySQL client: Unexpected error on idle client"}
{"level":"\u001b[32minfo\u001b[39m","message":"Mysql connection closed"}
{"level":"\u001b[32minfo\u001b[39m","message":"Mysql client connected"}
{"level":"\u001b[32minfo\u001b[39m","message":"Server is running http://localhost:5006..."}
{"level":"\u001b[32minfo\u001b[39m","message":"Mysql connection closed"}
{"level":"\u001b[32minfo\u001b[39m","message":"Mysql client connected"}
{"level":"\u001b[32minfo\u001b[39m","message":"Server is running http://localhost:5007..."}
{"level":"\u001b[33mwarn\u001b[39m","message":"Method not found."}
{"level":"\u001b[33mwarn\u001b[39m","message":"Method not found."}
{"level":"\u001b[33mwarn\u001b[39m","message":"Method not found."}
{"level":"\u001b[32minfo\u001b[39m","message":"Mysql client connected"}
{"level":"\u001b[32minfo\u001b[39m","message":"Server is running http://localhost:5007..."}
{"level":"\u001b[32minfo\u001b[39m","message":"Mysql client connected"}
{"level":"\u001b[32minfo\u001b[39m","message":"Server is running http://localhost:5007..."}
{"level":"\u001b[32minfo\u001b[39m","message":"Mysql client connected"}
{"level":"\u001b[32minfo\u001b[39m","message":"Server is running http://localhost:5007..."}
{"level":"\u001b[32minfo\u001b[39m","message":"Mysql client connected"}
{"level":"\u001b[32minfo\u001b[39m","message":"Server is running http://localhost:5000..."}
{"level":"\u001b[32minfo\u001b[39m","message":"Mysql client connected"}
{"level":"\u001b[32minfo\u001b[39m","message":"Server is running http://localhost:5000..."}
{"level":"\u001b[33mwarn\u001b[39m","message":"Method not found."}
{"level":"\u001b[32minfo\u001b[39m","message":"Mysql client connected"}
{"level":"\u001b[32minfo\u001b[39m","message":"Server is running http://localhost:5000..."}
{"level":"\u001b[32minfo\u001b[39m","message":"Mysql client connected"}
{"level":"\u001b[32minfo\u001b[39m","message":"Server is running http://localhost:5000..."}
{"level":"\u001b[33mwarn\u001b[39m","message":"Method not found."}
{"level":"\u001b[33mwarn\u001b[39m","message":"Method not found."}
{"level":"\u001b[32minfo\u001b[39m","message":"Mysql client connected"}
{"level":"\u001b[32minfo\u001b[39m","message":"Server is running http://localhost:5000..."}
{"level":"\u001b[32minfo\u001b[39m","message":"Mysql connection closed"}
{"level":"\u001b[32minfo\u001b[39m","message":"Mysql client connected"}
{"level":"\u001b[32minfo\u001b[39m","message":"Server is running http://localhost:5000..."}
{"level":"\u001b[32minfo\u001b[39m","message":"Mysql connection closed"}
{"level":"\u001b[32minfo\u001b[39m","message":"Mysql client connected"}
{"level":"\u001b[32minfo\u001b[39m","message":"Server is running http://localhost:5001..."}
{"level":"\u001b[33mwarn\u001b[39m","message":"Method not found."}
{"level":"\u001b[33mwarn\u001b[39m","message":"Method not found."}
{"level":"\u001b[33mwarn\u001b[39m","message":"Method not found."}
{"level":"\u001b[32minfo\u001b[39m","message":"Mysql connection closed"}
{"extra":{"code":"PROTOCOL_ENQUEUE_AFTER_QUIT","fatal":false},"level":"\u001b[32minfo\u001b[39m","message":"MySQL client: Unexpected error on idle client"}
{"extra":{"code":"PROTOCOL_ENQUEUE_AFTER_QUIT","fatal":false},"level":"\u001b[32minfo\u001b[39m","message":"MySQL client: Unexpected error on idle client"}
{"level":"\u001b[32minfo\u001b[39m","message":"Mysql client connected"}
{"level":"\u001b[32minfo\u001b[39m","message":"Server is running http://localhost:5001..."}
{"level":"\u001b[32minfo\u001b[39m","message":"Mysql connection closed"}
{"extra":{"code":"PROTOCOL_ENQUEUE_AFTER_QUIT","fatal":false},"level":"\u001b[32minfo\u001b[39m","message":"MySQL client: Unexpected error on idle client"}
{"level":"\u001b[32minfo\u001b[39m","message":"Mysql client connected"}
{"level":"\u001b[32minfo\u001b[39m","message":"Server is running http://localhost:5001..."}
{"level":"\u001b[32minfo\u001b[39m","message":"Mysql connection closed"}
{"extra":{"code":"PROTOCOL_ENQUEUE_AFTER_QUIT","fatal":false},"level":"\u001b[32minfo\u001b[39m","message":"MySQL client: Unexpected error on idle client"}
{"level":"\u001b[32minfo\u001b[39m","message":"Mysql client connected"}
{"level":"\u001b[32minfo\u001b[39m","message":"Server is running http://localhost:5001..."}
{"level":"\u001b[32minfo\u001b[39m","message":"Mysql connection closed"}
{"extra":{"code":"PROTOCOL_ENQUEUE_AFTER_QUIT","fatal":false},"level":"\u001b[32minfo\u001b[39m","message":"MySQL client: Unexpected error on idle client"}
{"level":"\u001b[32minfo\u001b[39m","message":"Mysql client connected"}
{"level":"\u001b[32minfo\u001b[39m","message":"Server is running http://localhost:5001..."}
{"level":"\u001b[32minfo\u001b[39m","message":"Mysql connection closed"}
{"extra":{"code":"PROTOCOL_ENQUEUE_AFTER_QUIT","fatal":false},"level":"\u001b[32minfo\u001b[39m","message":"MySQL client: Unexpected error on idle client"}
{"level":"\u001b[32minfo\u001b[39m","message":"Mysql client connected"}
{"level":"\u001b[32minfo\u001b[39m","message":"Server is running http://localhost:5001..."}
{"level":"\u001b[32minfo\u001b[39m","message":"Mysql connection closed"}
{"extra":{"code":"PROTOCOL_ENQUEUE_AFTER_QUIT","fatal":false},"level":"\u001b[32minfo\u001b[39m","message":"MySQL client: Unexpected error on idle client"}
{"level":"\u001b[32minfo\u001b[39m","message":"Mysql client connected"}
{"level":"\u001b[32minfo\u001b[39m","message":"Server is running http://localhost:5001..."}
{"level":"\u001b[32minfo\u001b[39m","message":"Mysql connection closed"}
{"extra":{"code":"PROTOCOL_ENQUEUE_AFTER_QUIT","fatal":false},"level":"\u001b[32minfo\u001b[39m","message":"MySQL client: Unexpected error on idle client"}
{"level":"\u001b[32minfo\u001b[39m","message":"Mysql client connected"}
{"level":"\u001b[32minfo\u001b[39m","message":"Server is running http://localhost:5001..."}
{"action":{},"date_time":"2022-11-07T13:28:52.276Z","file":{},"level":"\u001b[31merror\u001b[39m","message":{},"type":{}}
{"level":"\u001b[32minfo\u001b[39m","message":"Mysql client connected"}
{"level":"\u001b[32minfo\u001b[39m","message":"Server is running http://localhost:5001..."}
{"level":"\u001b[32minfo\u001b[39m","message":"Mysql connection closed"}
{"level":"\u001b[32minfo\u001b[39m","message":"Mysql client connected"}
{"level":"\u001b[32minfo\u001b[39m","message":"Server is running http://localhost:5000..."}
{"action":{},"date_time":"2022-11-07T14:06:55.359Z","file":{},"level":"\u001b[31merror\u001b[39m","message":{},"type":{}}
{"level":"\u001b[32minfo\u001b[39m","message":"Mysql client connected"}
{"level":"\u001b[32minfo\u001b[39m","message":"Server is running http://localhost:5000..."}
{"extra":{"code":"PROTOCOL_ENQUEUE_AFTER_QUIT","fatal":false},"level":"\u001b[32minfo\u001b[39m","message":"MySQL client: Unexpected error on idle client"}
{"level":"\u001b[32minfo\u001b[39m","message":"Mysql connection closed"}
{"level":"\u001b[32minfo\u001b[39m","message":"Mysql client connected"}
{"level":"\u001b[32minfo\u001b[39m","message":"Server is running http://localhost:5002..."}
{"action":{},"date_time":"2022-11-07T14:11:26.498Z","file":{},"level":"\u001b[31merror\u001b[39m","message":{},"type":{}}
{"level":"\u001b[32minfo\u001b[39m","message":"Mysql client connected"}
{"level":"\u001b[32minfo\u001b[39m","message":"Server is running http://localhost:5002..."}
{"action":{},"date_time":"2022-11-07T14:12:05.468Z","file":{},"level":"\u001b[31merror\u001b[39m","message":{},"type":{}}
{"level":"\u001b[32minfo\u001b[39m","message":"Mysql client connected"}
{"level":"\u001b[32minfo\u001b[39m","message":"Server is running http://localhost:5002..."}
{"action":{},"date_time":"2022-11-07T14:39:07.034Z","file":{},"level":"\u001b[31merror\u001b[39m","message":{},"type":{}}
{"level":"\u001b[32minfo\u001b[39m","message":"Mysql client connected"}
{"level":"\u001b[32minfo\u001b[39m","message":"Server is running http://localhost:5002..."}
{"action":{},"date_time":"2022-11-07T14:39:34.636Z","file":{},"level":"\u001b[31merror\u001b[39m","message":{},"type":{}}
{"level":"\u001b[32minfo\u001b[39m","message":"Mysql client connected"}
{"level":"\u001b[32minfo\u001b[39m","message":"Server is running http://localhost:5002..."}
{"action":{},"date_time":"2022-11-07T14:41:08.756Z","file":{},"level":"\u001b[31merror\u001b[39m","message":{},"type":{}}
{"level":"\u001b[32minfo\u001b[39m","message":"Mysql client connected"}
{"level":"\u001b[32minfo\u001b[39m","message":"Server is running http://localhost:5002..."}
{"extra":{"code":"PROTOCOL_ENQUEUE_AFTER_QUIT","fatal":false},"level":"\u001b[32minfo\u001b[39m","message":"MySQL client: Unexpected error on idle client"}
{"level":"\u001b[32minfo\u001b[39m","message":"Mysql connection closed"}
{"extra":{"code":"PROTOCOL_ENQUEUE_AFTER_QUIT","fatal":false},"level":"\u001b[32minfo\u001b[39m","message":"MySQL client: Unexpected error on idle client"}
{"level":"\u001b[32minfo\u001b[39m","message":"Mysql client connected"}
{"level":"\u001b[32minfo\u001b[39m","message":"Server is running http://localhost:5002..."}
{"level":"\u001b[32minfo\u001b[39m","message":"Mysql connection closed"}
{"extra":{"code":"PROTOCOL_ENQUEUE_AFTER_QUIT","fatal":false},"level":"\u001b[32minfo\u001b[39m","message":"MySQL client: Unexpected error on idle client"}
{"level":"\u001b[32minfo\u001b[39m","message":"Mysql client connected"}
{"level":"\u001b[32minfo\u001b[39m","message":"Server is running http://localhost:5002..."}
{"level":"\u001b[32minfo\u001b[39m","message":"Mysql connection closed"}
{"extra":{"code":"PROTOCOL_ENQUEUE_AFTER_QUIT","fatal":false},"level":"\u001b[32minfo\u001b[39m","message":"MySQL client: Unexpected error on idle client"}
{"level":"\u001b[32minfo\u001b[39m","message":"Mysql client connected"}
{"level":"\u001b[32minfo\u001b[39m","message":"Server is running http://localhost:5002..."}
{"level":"\u001b[32minfo\u001b[39m","message":"Mysql client connected"}
{"level":"\u001b[32minfo\u001b[39m","message":"Server is running http://localhost:5002..."}
{"level":"\u001b[32minfo\u001b[39m","message":"Mysql connection closed"}
{"level":"\u001b[32minfo\u001b[39m","message":"Mysql client connected"}
{"level":"\u001b[32minfo\u001b[39m","message":"Server is running http://localhost:5000..."}
{"level":"\u001b[33mwarn\u001b[39m","message":"Method not found."}
{"level":"\u001b[33mwarn\u001b[39m","message":"Method not found."}
{"level":"\u001b[33mwarn\u001b[39m","message":"Method not found."}
{"level":"\u001b[33mwarn\u001b[39m","message":"Method not found."}
{"level":"\u001b[33mwarn\u001b[39m","message":"Method not found."}
{"extra":{"code":"PROTOCOL_ENQUEUE_AFTER_QUIT","fatal":false},"level":"\u001b[32minfo\u001b[39m","message":"MySQL client: Unexpected error on idle client"}
{"level":"\u001b[32minfo\u001b[39m","message":"Mysql connection closed"}
{"extra":{"code":"PROTOCOL_ENQUEUE_AFTER_QUIT","fatal":false},"level":"\u001b[32minfo\u001b[39m","message":"MySQL client: Unexpected error on idle client"}
{"level":"\u001b[32minfo\u001b[39m","message":"Mysql client connected"}
{"level":"\u001b[32minfo\u001b[39m","message":"Server is running http://localhost:5002..."}
{"level":"\u001b[33mwarn\u001b[39m","message":"Method not found."}
{"level":"\u001b[33mwarn\u001b[39m","message":"Method not found."}
{"level":"\u001b[32minfo\u001b[39m","message":"Mysql connection closed"}
{"level":"\u001b[32minfo\u001b[39m","message":"Mysql client connected"}
{"level":"\u001b[32minfo\u001b[39m","message":"Server is running http://localhost:5000..."}
{"extra":{"code":"PROTOCOL_ENQUEUE_AFTER_QUIT","fatal":false},"level":"\u001b[32minfo\u001b[39m","message":"MySQL client: Unexpected error on idle client"}
{"level":"\u001b[32minfo\u001b[39m","message":"Mysql connection closed"}
{"level":"\u001b[32minfo\u001b[39m","message":"Mysql client connected"}
{"level":"\u001b[32minfo\u001b[39m","message":"Server is running http://localhost:5002..."}
{"extra":{"code":"PROTOCOL_ENQUEUE_AFTER_QUIT","fatal":false},"level":"\u001b[32minfo\u001b[39m","message":"MySQL client: Unexpected error on idle client"}
{"level":"\u001b[32minfo\u001b[39m","message":"Mysql connection closed"}
{"level":"\u001b[32minfo\u001b[39m","message":"Mysql client connected"}
{"level":"\u001b[32minfo\u001b[39m","message":"Server is running http://localhost:5000..."}
{"level":"\u001b[32minfo\u001b[39m","message":"Mysql connection closed"}
{"extra":{"code":"PROTOCOL_ENQUEUE_AFTER_QUIT","fatal":false},"level":"\u001b[32minfo\u001b[39m","message":"MySQL client: Unexpected error on idle client"}
{"level":"\u001b[32minfo\u001b[39m","message":"Mysql client connected"}
{"level":"\u001b[32minfo\u001b[39m","message":"Server is running http://localhost:5000..."}
{"level":"\u001b[32minfo\u001b[39m","message":"Mysql connection closed"}
{"extra":{"code":"PROTOCOL_ENQUEUE_AFTER_QUIT","fatal":false},"level":"\u001b[32minfo\u001b[39m","message":"MySQL client: Unexpected error on idle client"}
{"level":"\u001b[32minfo\u001b[39m","message":"Mysql client connected"}
{"level":"\u001b[32minfo\u001b[39m","message":"Server is running http://localhost:5000..."}
{"level":"\u001b[33mwarn\u001b[39m","message":"Method not found."}
{"level":"\u001b[33mwarn\u001b[39m","message":"Method not found."}
{"level":"\u001b[32minfo\u001b[39m","message":"Mysql connection closed"}
{"level":"\u001b[32minfo\u001b[39m","message":"Mysql client connected"}
{"level":"\u001b[32minfo\u001b[39m","message":"Server is running http://localhost:5001..."}
{"extra":{"code":"PROTOCOL_ENQUEUE_AFTER_QUIT","fatal":false},"level":"\u001b[32minfo\u001b[39m","message":"MySQL client: Unexpected error on idle client"}
{"level":"\u001b[32minfo\u001b[39m","message":"Mysql connection closed"}
{"level":"\u001b[32minfo\u001b[39m","message":"Mysql client connected"}
{"level":"\u001b[32minfo\u001b[39m","message":"Server is running http://localhost:5000..."}
{"level":"\u001b[32minfo\u001b[39m","message":"Mysql client connected"}
{"level":"\u001b[32minfo\u001b[39m","message":"Server is running http://localhost:5002..."}
{"level":"\u001b[32minfo\u001b[39m","message":"Mysql connection closed"}
{"level":"\u001b[32minfo\u001b[39m","message":"Mysql client connected"}
{"level":"\u001b[32minfo\u001b[39m","message":"Server is running http://localhost:5000..."}
{"level":"\u001b[33mwarn\u001b[39m","message":"Method not found."}
{"level":"\u001b[33mwarn\u001b[39m","message":"Method not found."}
{"level":"\u001b[33mwarn\u001b[39m","message":"Method not found."}
{"level":"\u001b[33mwarn\u001b[39m","message":"Method not found."}
{"level":"\u001b[33mwarn\u001b[39m","message":"Method not found."}
{"level":"\u001b[33mwarn\u001b[39m","message":"Method not found."}
{"level":"\u001b[33mwarn\u001b[39m","message":"Method not found."}
{"level":"\u001b[33mwarn\u001b[39m","message":"Method not found."}
{"level":"\u001b[33mwarn\u001b[39m","message":"Method not found."}
{"level":"\u001b[32minfo\u001b[39m","message":"Mysql connection closed"}
{"extra":{"code":"PROTOCOL_ENQUEUE_AFTER_QUIT","fatal":false},"level":"\u001b[32minfo\u001b[39m","message":"MySQL client: Unexpected error on idle client"}
{"level":"\u001b[32minfo\u001b[39m","message":"Mysql client connected"}
{"level":"\u001b[32minfo\u001b[39m","message":"Server is running http://localhost:5002..."}
{"level":"\u001b[33mwarn\u001b[39m","message":"Method not found."}
{"level":"\u001b[33mwarn\u001b[39m","message":"Method not found."}
{"level":"\u001b[33mwarn\u001b[39m","message":"Method not found."}
{"level":"\u001b[33mwarn\u001b[39m","message":"Method not found."}
{"level":"\u001b[33mwarn\u001b[39m","message":"Method not found."}
{"level":"\u001b[33mwarn\u001b[39m","message":"Method not found."}
{"level":"\u001b[33mwarn\u001b[39m","message":"Method not found."}
{"level":"\u001b[33mwarn\u001b[39m","message":"Method not found."}
{"level":"\u001b[33mwarn\u001b[39m","message":"Method not found."}
{"level":"\u001b[33mwarn\u001b[39m","message":"Method not found."}
{"level":"\u001b[33mwarn\u001b[39m","message":"Method not found."}
